enumerate:  6
line:  2.28662
enumerate:  15
line:  -inf
enumerate:  18
line:  0.35114
enumerate:  30
line:  0.73019
enumerate:  31
line:  nan
enumerate:  42
line:  1.05919
enumerate:  43
line:  0.886568
enumerate:  55
line:  1.17393
enumerate:  58
line:  -0.617435
enumerate:  109
line:  nan
enumerate:  129
line:  nan
enumerate:  155
line:  0.411327
enumerate:  183
line:  0.197897
enumerate:  198
line:  0.17861
enumerate:  228
line:  0.675507
enumerate:  348
line:  2.33477
enumerate:  412
line:  1.43555
enumerate:  432
line:  0.0474749
enumerate:  439
line:  nan
enumerate:  453
line:  -0.212025
