                            OLS Regression Results                            
==============================================================================
Dep. Variable:                      y   R-squared:                       0.002
Model:                            OLS   Adj. R-squared:                  0.002
Method:                 Least Squares   F-statistic:                     69.16
Date:                Fri, 02 Sep 2016   Prob (F-statistic):           9.47e-17
Time:                        15:55:40   Log-Likelihood:            -1.7007e+05
No. Observations:               28566   AIC:                         3.401e+05
Df Residuals:                   28565   BIC:                         3.402e+05
Df Model:                           1                                         
Covariance Type:            nonrobust                                         
==============================================================================
                 coef    std err          t      P>|t|      [95.0% Conf. Int.]
------------------------------------------------------------------------------
x1            -2.3156      0.278     -8.316      0.000        -2.861    -1.770
==============================================================================
Omnibus:                    71698.262   Durbin-Watson:                   1.818
Prob(Omnibus):                  0.000   Jarque-Bera (JB):       2024039390.574
Skew:                          27.426   Prob(JB):                         0.00
Kurtosis:                    1305.884   Cond. No.                         1.00
==============================================================================

Warnings:
[1] Standard Errors assume that the covariance matrix of the errors is correctly specified.
