Q9VFJ2 		FBgn0038234
Q9VYQ5 		FBgn0030369
Q9VFJ0 		FBgn0038236
Q9VYQ7 		FBgn0030367
Q9VYQ8 		FBgn0030366
Q9VB11 		FBgn0039536
Q9VG40 		FBgn0038076
Q6WV20 		FBgn0034025
Q24338 		FBgn0000588
Q7K1Z5 		FBgn0034061
P45843 		FBgn0003515
P25172 		FBgn0265623
P25171 		FBgn0002638
Q9V535 		FBgn0033378
Q03445 		FBgn0004619
Q9VFJ3 		FBgn0038233
P40796 		FBgn0011638
P40797 		FBgn0013726
P40794 		FBgn0004389
P40795 		FBgn0000719
Q24560 		FBgn0003887
P40793 		FBgn0010341
Q24562 		FBgn0005411
Q24563 		FBgn0266137
Q24568 		FBgn0015774
P40798 		FBgn0001978
Q7K3B9 		FBgn0033994
Q9VT67 		FBgn0036057
Q7KNS3 		FBgn0015754
Q9VCR7 		FBgn0039045
Q9VCR6 		FBgn0053193
Q03042 		FBgn0000442
Q03043 		FBgn0000721
Q9VSZ6 		FBgn0036000
P46150 		FBgn0011661
Q9V979 		FBgn0033121
Q9VZ49 		FBgn0030251
Q9VA02 		FBgn0039827
Q8IRC7 		FBgn0013751
Q9VA00 		FBgn0061476
Q9V7Y2 		FBgn0010591
Q9VIZ0 		FBgn0086447
O01668 		FBgn0019940
P91682 		FBgn0003444
P16554 		FBgn0002973
Q7KRY6 		FBgn0027889
Q7KRY7 		FBgn0263289
P56175 		FBgn0020909
Q94913 		FBgn0015801
Q9VB14 		FBgn0027494
P52295 		FBgn0267727
O01666 		FBgn0020235
Q94915 		FBgn0016715
P07713 		FBgn0000490
P40421 		FBgn0265959
P40423 		FBgn0003514
Q9VX10 		FBgn0030876
P40427 		FBgn0000611
G39AD_DROME 		P58959
Q9VUR3 		FBgn0036515
Q9VUR7 		FBgn0036519
A1Z6E0 		FBgn0026238
Q9W3W8 		FBgn0029897
P13217 		FBgn0262738
P08841 		FBgn0003888
P39572 		FBgn0001150
Q9VE86 		FBgn0038608
P03896 		FBgn0013680
Q9W401 		FBgn0261955
A1Z9E2 		FBgn0033846
P17917 		FBgn0005655
Q9Y0I1 		FBgn0027378
NT56_DROME 		Q27333
P31369 		FBgn0004394
P31368 		FBgn0085424
Q9VWL5 		FBgn0030989
P18490 		FBgn0003048
P18491 		FBgn0000575
Q9VTF9 		FBgn0036136
Q9I816 		FBgn0041626
Q70PY2 		FBgn0043578
Q08180 		FBgn0003285
P30189 		FBgn0004924
Q9VFX1 		FBgn0038134
P91679 		FBgn0265575
O96690 		FBgn0023178
P24350 		FBgn0000028
Q86BL4 		FBgn0064115
Q9VYG1 		FBgn0030457
P21187 		FBgn0265297
Q7KVQ0 		FBgn0011824
Q9V3S0 		FBgn0010019
Q24564 		FBgn0086384
Q9VQ26 		FBgn0051935
P08155 		FBgn0266450
Q9W1N5 		FBgn0041234
Q9W539 		FBgn0264562
Q8T4E1 		FBgn0023545
Q9W534 		FBgn0025631
A1ZAJ2 		FBgn0267002
